<?xml version="1.0" encoding="UTF-8"?>
<!-- Generated by org.testng.reporters.JUnitXMLReporter -->
<testsuite ignored="0" hostname="DESKTOP-IAIA0EV" failures="0" tests="1" name="Test" time="0.269" errors="0" timestamp="2023-02-19T15:31:24 IST">
  <testcase classname="Test.BrowserTest_MyCF" name="@BeforeClass launchBrowser" time="0.024">
    <failure type="java.lang.NullPointerException">
      <![CDATA[java.lang.NullPointerException
at Test.BrowserTest_MyCF.launchBrowser(BrowserTest_MyCF.java:46)
at java.base/java.util.ArrayList.forEach(ArrayList.java:1541)
... Removed 25 stack frames]]>
    </failure>
  </testcase> <!-- @BeforeClass launchBrowser -->
  <testcase classname="Test.BrowserTest_MyCF" name="@AfterClass closeBrowser" time="-1.67680088426E9">
    <skipped/>
  </testcase> <!-- @AfterClass closeBrowser -->
  <testcase classname="Test.BrowserTest_MyCF" name="browserMethods" time="0.0">
    <skipped/>
  </testcase> <!-- browserMethods -->
</testsuite> <!-- Test -->
