<?xml version="1.0" encoding="UTF-8"?>
<testng-results ignored="0" total="1" passed="1" failed="0" skipped="0">
  <reporter-output>
  </reporter-output>
  <suite started-at="2023-02-20T10:28:23 IST" name="Default suite" finished-at="2023-02-20T10:28:41 IST" duration-ms="17481">
    <groups>
    </groups>
    <test started-at="2023-02-20T10:28:23 IST" name="Default test" finished-at="2023-02-20T10:28:41 IST" duration-ms="17481">
      <class name="Test.TextboxTest">
        <test-method is-config="true" signature="launchBrowser()[pri:0, instance:Test.TextboxTest@2b91004a]" started-at="2023-02-20T10:28:23 IST" name="launchBrowser" finished-at="2023-02-20T10:28:33 IST" duration-ms="10166" status="PASS">
          <reporter-output>
          </reporter-output>
        </test-method> <!-- launchBrowser -->
        <test-method signature="textboxMethods()[pri:0, instance:Test.TextboxTest@2b91004a]" started-at="2023-02-20T10:28:33 IST" name="textboxMethods" finished-at="2023-02-20T10:28:36 IST" duration-ms="3094" status="PASS">
          <reporter-output>
          </reporter-output>
        </test-method> <!-- textboxMethods -->
        <test-method is-config="true" signature="closeBrowser()[pri:0, instance:Test.TextboxTest@2b91004a]" started-at="2023-02-20T10:28:37 IST" name="closeBrowser" finished-at="2023-02-20T10:28:41 IST" duration-ms="4052" status="PASS">
          <reporter-output>
          </reporter-output>
        </test-method> <!-- closeBrowser -->
      </class> <!-- Test.TextboxTest -->
    </test> <!-- Default test -->
  </suite> <!-- Default suite -->
</testng-results>
