<?xml version="1.0" encoding="UTF-8"?>
<testng-results ignored="0" total="1" passed="1" failed="0" skipped="0">
  <reporter-output>
  </reporter-output>
  <suite started-at="2023-02-20T19:46:53 IST" name="Default suite" finished-at="2023-02-20T19:47:06 IST" duration-ms="12630">
    <groups>
    </groups>
    <test started-at="2023-02-20T19:46:53 IST" name="Default test" finished-at="2023-02-20T19:47:06 IST" duration-ms="12630">
      <class name="Test.ButtonTest">
        <test-method is-config="true" signature="launchBrowser()[pri:0, instance:Test.ButtonTest@43dac38f]" started-at="2023-02-20T19:46:53 IST" name="launchBrowser" finished-at="2023-02-20T19:47:05 IST" duration-ms="11470" status="PASS">
          <reporter-output>
          </reporter-output>
        </test-method> <!-- launchBrowser -->
        <test-method signature="buttonMethods()[pri:0, instance:Test.ButtonTest@43dac38f]" started-at="2023-02-20T19:47:05 IST" name="buttonMethods" finished-at="2023-02-20T19:47:05 IST" duration-ms="16" status="PASS">
          <reporter-output>
          </reporter-output>
        </test-method> <!-- buttonMethods -->
        <test-method is-config="true" signature="closeBrowser()[pri:0, instance:Test.ButtonTest@43dac38f]" started-at="2023-02-20T19:47:05 IST" name="closeBrowser" finished-at="2023-02-20T19:47:06 IST" duration-ms="995" status="PASS">
          <reporter-output>
          </reporter-output>
        </test-method> <!-- closeBrowser -->
      </class> <!-- Test.ButtonTest -->
    </test> <!-- Default test -->
  </suite> <!-- Default suite -->
</testng-results>
